<?xml version="1.0" encoding="UTF-8"?>
<!-- Generated by org.testng.reporters.JUnitReportReporter -->
<testsuite skipped="1" hostname="Ramesh" name="org.testing.NewTestNG" tests="3" failures="0" timestamp="06 Dec 2021 06:51:36 GMT" time="16.543" errors="0">
  <testcase name="tc2" time="10.444" classname="org.testing.NewTestNG"/>
  <testcase name="tc3" time="6.099" classname="org.testing.NewTestNG"/>
  <testcase name="tc1" classname="org.testing.NewTestNG">
    <skipped/>
  </testcase> <!-- tc1 -->
</testsuite> <!-- org.testing.NewTestNG -->
