<?xml version="1.0" encoding="UTF-8"?>
<!-- Generated by org.testng.reporters.JUnitReportReporter -->
<testsuite skipped="0" hostname="Ramesh" name="org.testing.Sample1" tests="3" failures="0" timestamp="08 Dec 2021 14:49:06 GMT" time="0.047" errors="0">
  <testcase name="tc33" time="0.016" classname="org.testing.Sample1"/>
  <testcase name="tc11" time="0.031" classname="org.testing.Sample1"/>
  <testcase name="tc22" time="0.000" classname="org.testing.Sample1"/>
</testsuite> <!-- org.testing.Sample1 -->
