<?xml version="1.0" encoding="UTF-8"?>
<!-- Generated by org.testng.reporters.JUnitReportReporter -->
<testsuite skipped="0" hostname="Ramesh" name="org.testing.TestNGEx" tests="1" failures="0" timestamp="08 Dec 2021 08:46:29 GMT" time="7.715" errors="0">
  <testcase name="tc2" time="7.715" classname="org.testing.TestNGEx"/>
</testsuite> <!-- org.testing.TestNGEx -->
