<?xml version="1.0" encoding="UTF-8"?>
<!-- Generated by org.testng.reporters.JUnitReportReporter -->
<testsuite skipped="0" hostname="Ramesh" name="org.testing.Sample" tests="3" failures="0" timestamp="08 Dec 2021 14:48:34 GMT" time="0.048" errors="0">
  <testcase name="tc3" time="0.000" classname="org.testing.Sample"/>
  <testcase name="tc1" time="0.032" classname="org.testing.Sample"/>
  <testcase name="tc2" time="0.016" classname="org.testing.Sample"/>
</testsuite> <!-- org.testing.Sample -->
