<?xml version="1.0" encoding="UTF-8"?>
<!-- Generated by org.testng.reporters.JUnitReportReporter -->
<testsuite skipped="0" hostname="Ramesh" name="org.testing.Sample1" tests="3" failures="0" timestamp="12 Dec 2021 11:45:30 GMT" time="0.018" errors="0">
  <testcase name="tc22" time="0.016" classname="org.testing.Sample1"/>
  <testcase name="tc11" time="0.002" classname="org.testing.Sample1"/>
  <testcase name="tc33" time="0.000" classname="org.testing.Sample1"/>
</testsuite> <!-- org.testing.Sample1 -->
